<?xml version="1.0" encoding="UTF-8"?>
<!-- Generated by org.testng.reporters.JUnitReportReporter -->
<testsuite hostname="DESKTOP-FIK5SPH" failures="0" tests="1" name="testScripts.homePage" time="33.572" errors="0" timestamp="2023-12-18T17:53:44 IST" skipped="0">
  <testcase classname="testScripts.homePage" name="header_menu_functionality" time="33.572"/>
  <system-out/>
</testsuite> <!-- testScripts.homePage -->
