<?xml version="1.0" encoding="UTF-8"?>
<!-- Generated by org.testng.reporters.JUnitReportReporter -->
<testsuite hostname="DESKTOP-FIK5SPH" failures="0" tests="1" name="testScripts.learn_Page" time="246.274" errors="0" timestamp="2023-12-20T14:34:36 IST" skipped="0">
  <testcase classname="testScripts.learn_Page" name="learn_Page_tc" time="246.274"/>
  <system-out/>
</testsuite> <!-- testScripts.learn_Page -->
