<?xml version="1.0" encoding="UTF-8"?>
<!-- Generated by org.testng.reporters.JUnitReportReporter -->
<testsuite hostname="DESKTOP-FIK5SPH" failures="0" tests="1" name="testScripts.dine_page" time="11.231" errors="0" timestamp="2023-12-20T12:45:52 IST" skipped="0">
  <testcase classname="testScripts.dine_page" name="dine_carousel_fun_tc" time="11.231"/>
  <system-out/>
</testsuite> <!-- testScripts.dine_page -->
