<?xml version="1.0" encoding="UTF-8"?>
<!-- Generated by org.testng.reporters.JUnitReportReporter -->
<testsuite hostname="DESKTOP-FIK5SPH" failures="0" tests="1" name="testScripts.footer" time="21.988" errors="0" timestamp="2023-12-18T17:17:27 IST" skipped="0">
  <testcase classname="testScripts.footer" name="footer_menus" time="21.988"/>
  <system-out/>
</testsuite> <!-- testScripts.footer -->
