<?xml version="1.0" encoding="UTF-8"?>
<!-- Generated by org.testng.reporters.JUnitReportReporter -->
<testsuite hostname="DESKTOP-FIK5SPH" failures="0" tests="1" name="testScripts.blogs_Page" time="81.801" errors="0" timestamp="2023-12-20T16:51:22 IST" skipped="0">
  <testcase classname="testScripts.blogs_Page" name="blog_details_page_tc" time="81.801"/>
  <system-out/>
</testsuite> <!-- testScripts.blogs_Page -->
