<?xml version="1.0" encoding="UTF-8"?>
<!-- Generated by org.testng.reporters.JUnitReportReporter -->
<testsuite hostname="DESKTOP-FIK5SPH" failures="0" tests="1" name="testScripts.stays_page" time="178.562" errors="0" timestamp="2023-12-19T13:06:13 IST" skipped="0">
  <testcase classname="testScripts.stays_page" name="stays_page_tc" time="178.562"/>
  <system-out/>
</testsuite> <!-- testScripts.stays_page -->
