<?xml version="1.0" encoding="UTF-8"?>
<!-- Generated by org.testng.reporters.JUnitReportReporter -->
<testsuite hostname="DESKTOP-FIK5SPH" failures="0" tests="1" name="testScripts.journey_Page" time="98.029" errors="0" timestamp="2023-12-20T15:34:35 IST" skipped="0">
  <testcase classname="testScripts.journey_Page" name="staycation" time="98.029"/>
  <system-out/>
</testsuite> <!-- testScripts.journey_Page -->
